2023-11-29 10:41:07 [INFO] Starting minecraft server version 1.5.2
2023-11-29 10:41:07 [WARNING] To start the server with more ram, launch it as "java -Xmx1024M -Xms1024M -jar minecraft_server.jar"
2023-11-29 10:41:07 [INFO] Loading properties
2023-11-29 10:41:07 [INFO] Default game type: SURVIVAL
2023-11-29 10:41:07 [INFO] Generating keypair
2023-11-29 10:41:07 [INFO] Starting Minecraft server on 127.0.0.1:25569
2023-11-29 10:41:07 [INFO] This server is running CraftBukkit version git-Bukkit-1.5.2-R1.0-b2788jnks (MC: 1.5.2) (Implementing API version 1.5.2-R1.0)
2023-11-29 10:41:07 [WARNING] Failed to load operators list: java.io.FileNotFoundException: .\ops.txt (The system cannot find the file specified)
2023-11-29 10:41:07 [WARNING] Failed to load white-list: java.io.FileNotFoundException: .\white-list.txt (The system cannot find the file specified)
2023-11-29 10:41:07 [WARNING] **** SERVER IS RUNNING IN OFFLINE/INSECURE MODE!
2023-11-29 10:41:07 [WARNING] The server will make no attempt to authenticate usernames. Beware.
2023-11-29 10:41:07 [WARNING] While this makes the game possible to play without internet access, it also opens up the ability for hackers to connect with any username they choose.
2023-11-29 10:41:07 [WARNING] To change this, set "online-mode" to "true" in the server.properties file.
2023-11-29 10:41:08 [INFO] Preparing level "world"
2023-11-29 10:41:08 [INFO] Preparing start region for level 0 (Seed: -5103995307600757381)
2023-11-29 10:41:09 [INFO] Preparing spawn area: 4%
2023-11-29 10:41:10 [INFO] Preparing spawn area: 8%
2023-11-29 10:41:11 [INFO] Preparing spawn area: 16%
2023-11-29 10:41:12 [INFO] Preparing spawn area: 37%
2023-11-29 10:41:13 [INFO] Preparing spawn area: 54%
2023-11-29 10:41:14 [INFO] Preparing spawn area: 66%
2023-11-29 10:41:15 [INFO] Preparing spawn area: 74%
2023-11-29 10:41:16 [INFO] Preparing spawn area: 83%
2023-11-29 10:41:17 [INFO] Preparing spawn area: 91%
2023-11-29 10:41:18 [INFO] Preparing spawn area: 99%
2023-11-29 10:41:19 [INFO] Preparing start region for level 1 (Seed: -5103995307600757381)
2023-11-29 10:41:20 [INFO] Preparing spawn area: 0%
2023-11-29 10:41:21 [INFO] Preparing spawn area: 12%
2023-11-29 10:41:22 [INFO] Preparing spawn area: 25%
2023-11-29 10:41:23 [INFO] Preparing spawn area: 37%
2023-11-29 10:41:24 [INFO] Preparing spawn area: 49%
2023-11-29 10:41:25 [INFO] Preparing spawn area: 58%
2023-11-29 10:41:26 [INFO] Preparing spawn area: 70%
2023-11-29 10:41:27 [INFO] Preparing spawn area: 87%
2023-11-29 10:41:28 [INFO] Preparing start region for level 2 (Seed: -5103995307600757381)
2023-11-29 10:41:28 [INFO] Preparing spawn area: 0%
2023-11-29 10:41:29 [INFO] Preparing spawn area: 20%
2023-11-29 10:41:30 [INFO] Preparing spawn area: 49%
2023-11-29 10:41:31 [INFO] Preparing spawn area: 66%
2023-11-29 10:41:32 [INFO] Preparing spawn area: 99%
2023-11-29 10:41:32 [INFO] Server permissions file permissions.yml is empty, ignoring it
2023-11-29 10:41:32 [INFO] Done (24.978s)! For help, type "help" or "?"
2023-11-29 10:41:33 [INFO] Crash Loop Detector is Running! (30sec)
2023-11-29 10:41:33 [INFO] To increase, add "--crashTimeout [sec]" to the program's arguments
2023-11-29 10:45:41 [INFO] Catfoolyou[/127.0.0.1:64193] logged in with entity id 5230 at ([world] 140.5, 73.0, 259.5)
2023-11-29 10:45:54 [INFO] Catfoolyou issued server command: /seed
2023-11-29 10:46:59 [INFO] Catfoolyou2[/127.0.0.1:64287] logged in with entity id 6806 at ([world] 128.5, 70.0, 247.5)
2023-11-29 10:47:16 [WARNING] Catfoolyou2 moved too quickly! -134.14712997132048,-64.62000000476837,-233.07234221527128 (134.14712997132048, 64.62000000476837, 233.07234221527128)
2023-11-29 10:47:21 [INFO] <Catfoolyou> where u at[m
2023-11-29 10:47:22 [WARNING] Catfoolyou moved too quickly! -146.39977424804226,-72.62000000476837,-276.3224347837346 (146.39977424804226, 72.62000000476837, 276.3224347837346)
2023-11-29 10:47:39 [INFO] <Catfoolyou2> idk lol[m
2023-11-29 10:48:26 [INFO] Unknown command. Type "help" for help.[m
2023-11-29 10:48:30 [INFO] [0;33;1m--------- [0;37;1mHelp: Index [0;33;1m---------------------------[m
2023-11-29 10:48:30 [INFO] [0;37;22mUse /help [n] to get page n of help.[m
2023-11-29 10:48:30 [INFO] [0;33;22mAliases: [0;37;1mLists command aliases[m
2023-11-29 10:48:30 [INFO] [0;33;22mBukkit: [0;37;1mAll commands for Bukkit[m
2023-11-29 10:48:30 [INFO] [0;33;22m/ban: [0;37;1mPrevents the specified player from using this server[m
2023-11-29 10:48:30 [INFO] [0;33;22m/ban-ip: [0;37;1mPrevents the specified IP address from using this server[m
2023-11-29 10:48:30 [INFO] [0;33;22m/banlist: [0;37;1mView all players banned from this server[m
2023-11-29 10:48:30 [INFO] [0;33;22m/clear: [0;37;1mClears the player's inventory. Can specify item and data filters too.[m
2023-11-29 10:48:30 [INFO] [0;33;22m/defaultgamemode: [0;37;1mSet the default gamemode[m
2023-11-29 10:48:30 [INFO] [0;33;22m/deop: [0;37;1mTakes the specified player's operator status[m
2023-11-29 10:48:30 [INFO] [0;33;22m/difficulty: [0;37;1mSets the game difficulty[m
2023-11-29 10:48:30 [INFO] [0;33;22m/effect: [0;37;1mAdds/Removes effects on players[m
2023-11-29 10:48:30 [INFO] [0;33;22m/enchant: [0;37;1mAdds enchantments to the item the player is currently holding. Specify 0 for the level to remove an enchantment. Specify force to ignore normal enchantment restrictions[m
2023-11-29 10:48:30 [INFO] [0;33;22m/gamemode: [0;37;1mChanges the player to a specific game mode[m
2023-11-29 10:48:30 [INFO] [0;33;22m/gamerule: [0;37;1mSets a server's game rules[m
2023-11-29 10:48:30 [INFO] [0;33;22m/give: [0;37;1mGives the specified player a certain amount of items[m
2023-11-29 10:48:30 [INFO] [0;33;22m/help: [0;37;1mShows the help menu[m
2023-11-29 10:48:30 [INFO] [0;33;22m/kick: [0;37;1mRemoves the specified player from the server[m
2023-11-29 10:48:30 [INFO] [0;33;22m/kill: [0;37;1mCommits suicide, only usable as a player[m
2023-11-29 10:48:30 [INFO] [0;33;22m/list: [0;37;1mLists all online players[m
2023-11-29 10:48:30 [INFO] [0;33;22m/me: [0;37;1mPerforms the specified action in chat[m
2023-11-29 10:48:30 [INFO] [0;33;22m/op: [0;37;1mGives the specified player operator status[m
2023-11-29 10:48:30 [INFO] [0;33;22m/pardon: [0;37;1mAllows the specified player to use this server[m
2023-11-29 10:48:30 [INFO] [0;33;22m/pardon-ip: [0;37;1mAllows the specified IP address to use this server[m
2023-11-29 10:48:30 [INFO] [0;33;22m/plugins: [0;37;1mGets a list of plugins running on the server[m
2023-11-29 10:48:30 [INFO] [0;33;22m/reload: [0;37;1mReloads the server configuration and plugins[m
2023-11-29 10:48:30 [INFO] [0;33;22m/save-all: [0;37;1mSaves the server to disk[m
2023-11-29 10:48:30 [INFO] [0;33;22m/save-off: [0;37;1mDisables server autosaving[m
2023-11-29 10:48:30 [INFO] [0;33;22m/save-on: [0;37;1mEnables server autosaving[m
2023-11-29 10:48:30 [INFO] [0;33;22m/say: [0;37;1mBroadcasts the given message as the console[m
2023-11-29 10:48:30 [INFO] [0;33;22m/scoreboard: [0;37;1mScoreboard control[m
2023-11-29 10:48:30 [INFO] [0;33;22m/seed: [0;37;1mShows the world seed[m
2023-11-29 10:48:30 [INFO] [0;33;22m/spawnpoint: [0;37;1mSets a player's spawn point[m
2023-11-29 10:48:30 [INFO] [0;33;22m/stop: [0;37;1mStops the server with optional reason[m
2023-11-29 10:48:30 [INFO] [0;33;22m/tell: [0;37;1mSends a private message to the given player[m
2023-11-29 10:48:30 [INFO] [0;33;22m/testfor: [0;37;1mTests whether a specifed player is online[m
2023-11-29 10:48:30 [INFO] [0;33;22m/time: [0;37;1mChanges the time on each world[m
2023-11-29 10:48:30 [INFO] [0;33;22m/timings: [0;37;1mRecords timings for all plugin events[m
2023-11-29 10:48:30 [INFO] [0;33;22m/toggledownfall: [0;37;1mToggles rain on/off on a given world[m
2023-11-29 10:48:30 [INFO] [0;33;22m/tp: [0;37;1mTeleports the given player (or yourself) to another player or coordinates[m
2023-11-29 10:48:30 [INFO] [0;33;22m/version: [0;37;1mGets the version of this server including any plugins in use[m
2023-11-29 10:48:30 [INFO] [0;33;22m/weather: [0;37;1mChanges the weather[m
2023-11-29 10:48:30 [INFO] [0;33;22m/whitelist: [0;37;1mManages the list of players allowed to use this server[m
2023-11-29 10:48:30 [INFO] [0;33;22m/xp: [0;37;1mGives the specified player a certain amount of experience. Specify <amount>L to give levels instead, with a negative amount resulting in taking levels.[m
2023-11-29 10:48:45 [INFO] Unknown command. Type "help" for help.[m
2023-11-29 10:48:46 [INFO] Seed: -5103995307600757381[m
2023-11-29 10:49:37 [INFO] Catfoolyou2 lost connection: disconnect.quitting
2023-11-29 10:49:37 [INFO] Connection reset
2023-11-29 10:51:14 [INFO] Unknown command. Type "help" for help.[m
2023-11-29 10:51:18 [INFO] This server is running CraftBukkit version git-Bukkit-1.5.2-R1.0-b2788jnks (MC: 1.5.2) (Implementing API version 1.5.2-R1.0)[m
2023-11-29 10:51:26 [INFO] [0;35;1m[Server] sample text[m
